<?xml version="1.0" encoding="UTF-8"?>
<!-- Generated by org.testng.reporters.JUnitXMLReporter -->
<testsuite hostname="AS-40" ignored="20" name="Test" tests="22" failures="0" timestamp="2023-06-06T13:47:58 AST" time="51.63" errors="0">
  <testcase name="ClickSearch" time="6.86" classname="ikeaApp.SearchTest"/>
  <testcase name="SearchForProduct" time="0.171" classname="ikeaApp.SearchTest"/>
  <testcase name="ClicksearchResult" time="0.536" classname="ikeaApp.SerachResultListTest"/>
  <testcase name="getProductNameListView" time="1.178" classname="ikeaApp.SerachResultListTest"/>
  <testcase name="getProductPriceListView" time="0.195" classname="ikeaApp.SerachResultListTest"/>
  <testcase name="ClickProduct" time="0.231" classname="ikeaApp.SerachResultListTest"/>
  <testcase name="getNameInDetails" time="2.132" classname="ikeaApp.ProductDetailsTest"/>
  <testcase name="getPriceInDetails" time="0.198" classname="ikeaApp.ProductDetailsTest"/>
  <testcase name="compareProduct" time="0.039" classname="ikeaApp.CompareProduct_ListAndDetailsTest"/>
  <testcase name="AddItemToCart" time="0.312" classname="ikeaApp.AddToCartTest"/>
  <testcase name="AddItemToCart" time="3.122" classname="ikeaApp.AddToCartTest"/>
  <testcase name="BackToSearchResult" time="0.165" classname="ikeaApp.BackToHomeTest"/>
  <testcase name="BackToSearch" time="0.372" classname="ikeaApp.BackToHomeTest"/>
  <testcase name="BackToSearchHistory" time="0.238" classname="ikeaApp.BackToHomeTest"/>
  <testcase name="BackToHome" time="0.218" classname="ikeaApp.BackToHomeTest"/>
  <testcase name="checkcarthasAddedItemsTest" time="1.328" classname="ikeaApp.checkcartItemTest"/>
  <testcase name="OpenCart" time="0.317" classname="ikeaApp.checkcartItemTest"/>
  <testcase name="getitemcount" time="0.147" classname="ikeaApp.checkItemQuantityTest"/>
  <testcase name="OpenCart" time="0.152" classname="ikeaApp.checkItemQuantityTest"/>
  <testcase name="RemoveItemfromCart" time="0.204" classname="ikeaApp.RemoveFromCartTest"/>
  <testcase name="Confirm" time="0.197" classname="ikeaApp.ConfirmRemoveFromCartTest"/>
  <testcase name="CheckRecommedationSection" time="0.954" classname="ikeaApp.EmptyStateTest"/>
  <testcase name="@AfterSuite afterSuite" time="0.0" classname="base.Base">
    <ignored/>
  </testcase> <!-- @AfterSuite afterSuite -->
  <testcase name="@AfterSuite afterSuite" time="0.0" classname="base.Base">
    <ignored/>
  </testcase> <!-- @AfterSuite afterSuite -->
  <testcase name="@AfterSuite afterSuite" time="0.0" classname="base.Base">
    <ignored/>
  </testcase> <!-- @AfterSuite afterSuite -->
  <testcase name="@AfterSuite afterSuite" time="0.0" classname="base.Base">
    <ignored/>
  </testcase> <!-- @AfterSuite afterSuite -->
  <testcase name="@AfterSuite afterSuite" time="0.0" classname="base.Base">
    <ignored/>
  </testcase> <!-- @AfterSuite afterSuite -->
  <testcase name="@AfterSuite afterSuite" time="0.0" classname="base.Base">
    <ignored/>
  </testcase> <!-- @AfterSuite afterSuite -->
  <testcase name="@AfterSuite afterSuite" time="0.0" classname="base.Base">
    <ignored/>
  </testcase> <!-- @AfterSuite afterSuite -->
  <testcase name="@AfterSuite afterSuite" time="0.0" classname="base.Base">
    <ignored/>
  </testcase> <!-- @AfterSuite afterSuite -->
  <testcase name="@AfterSuite afterSuite" time="0.0" classname="base.Base">
    <ignored/>
  </testcase> <!-- @AfterSuite afterSuite -->
  <testcase name="@AfterSuite afterSuite" time="0.0" classname="base.Base">
    <ignored/>
  </testcase> <!-- @AfterSuite afterSuite -->
  <testcase name="@BeforeSuite beforeSuite" time="0.0" classname="base.Base">
    <ignored/>
  </testcase> <!-- @BeforeSuite beforeSuite -->
  <testcase name="@BeforeSuite beforeSuite" time="0.0" classname="base.Base">
    <ignored/>
  </testcase> <!-- @BeforeSuite beforeSuite -->
  <testcase name="@BeforeSuite beforeSuite" time="0.0" classname="base.Base">
    <ignored/>
  </testcase> <!-- @BeforeSuite beforeSuite -->
  <testcase name="@BeforeSuite beforeSuite" time="0.0" classname="base.Base">
    <ignored/>
  </testcase> <!-- @BeforeSuite beforeSuite -->
  <testcase name="@BeforeSuite beforeSuite" time="0.0" classname="base.Base">
    <ignored/>
  </testcase> <!-- @BeforeSuite beforeSuite -->
  <testcase name="@BeforeSuite beforeSuite" time="0.0" classname="base.Base">
    <ignored/>
  </testcase> <!-- @BeforeSuite beforeSuite -->
  <testcase name="@BeforeSuite beforeSuite" time="0.0" classname="base.Base">
    <ignored/>
  </testcase> <!-- @BeforeSuite beforeSuite -->
  <testcase name="@BeforeSuite beforeSuite" time="0.0" classname="base.Base">
    <ignored/>
  </testcase> <!-- @BeforeSuite beforeSuite -->
  <testcase name="@BeforeSuite beforeSuite" time="0.0" classname="base.Base">
    <ignored/>
  </testcase> <!-- @BeforeSuite beforeSuite -->
  <testcase name="@BeforeSuite beforeSuite" time="0.0" classname="base.Base">
    <ignored/>
  </testcase> <!-- @BeforeSuite beforeSuite -->
</testsuite> <!-- Test -->
